<testsuites display="False" errors="1" failures="0" name="customProject_independant_testcase_execution" passes="0" skipped="0" status="ERROR" suites="1" tests="1" time="5.0" timestamp="2017-08-01 14:32:13"><properties /><testsuite display="False" errors="1" failures="0" name="customTestsuite_independant_testcase_execution" passes="0" skipped="0" status="ERROR" testcasefile_path="/home/khusain/WAR-210/warriorframework/warrior/Warriorspace/Testcases/Demo_Cases/Demo_Test_Of_Inventory_Management_System.xml" tests="1" time="5.0" timestamp="2017-08-01 14:32:13"><properties><property name="location" value="/home/khusain/WAR-210/warriorframework/warrior/Warriorspace/Testcases/Demo_Cases" /><property name="requirement" value="Demo-requirement-001" /><property name="requirement" value="Demo-requirement-002" /><property name="requirement" value="Demo-requirement-003" /></properties><testcase classname="customTestsuite_independant_testcase_execution" display="False" errors="5" exceptions="0" failures="0" keywords="6" logsdir="/home/khusain/WAR-210/warriorframework/warrior/Warriorspace/Execution/Demo_Test_Of_Inventory_Management_System" name="Demo_Test_Of_Inventory_Management_System" passes="0" resultsdir="/home/khusain/WAR-210/warriorframework/warrior/Warriorspace/Execution/Demo_Test_Of_Inventory_Management_System" skipped="0" status="ERROR" testcasefile_path="/home/khusain/WAR-210/warriorframework/warrior/Warriorspace/Testcases/Demo_Cases/Demo_Test_Of_Inventory_Management_System.xml" time="5.0" timestamp="2017-08-01 14:32:13" title="Demo_Test_Of_Inventory_Management_System"><properties>
[...]
</properties><error /></testcase></testsuite></testsuites>