<testsuites errors="0" failures="0" name="pj_cli_full" passes="0" resultsdir="/home/khusain/WAR-210/warriorframework/warrior/Warriorspace/Execution/pj_cli_full_17-08-01_14-30-21-937483" skipped="0" suites="0" tests="1" time="0" timestamp="2017-08-01 14:30:19"><properties><property name="resultsdir" value="/home/khusain/WAR-210/warriorframework/warrior/Warriorspace/Execution/pj_cli_full_17-08-01_14-30-21-937483" /><property name="location" value="/home/khusain/WAR-210/warriorframework/warrior_fnc_tests/warrior_tests/projects/pj_cli_full.xml" /></properties><property name="location" value="/home/khusain/WAR-210/warriorframework/warrior_fnc_tests/warrior_tests/projects/pj_cli_full.xml" /><testsuite errors="0" failures="1" name="connect" passes="0" resultsdir="/home/khusain/WAR-210/warriorframework/warrior/Warriorspace/Execution/pj_cli_full_17-08-01_14-30-21-937483/connect" skipped="0" suite_location="/home/khusain/WAR-210/warriorframework/warrior_fnc_tests/warrior_tests/suites/cli_tests/connect.xml" tests="1" time="0" timestamp="2017-08-01T14:30:21"><properties><property name="location" value="/home/khusain/WAR-210/warriorframework/warrior_fnc_tests/warrior_tests/suites/cli_tests" /><property name="resultsdir" value="/home/khusain/WAR-210/warriorframework/warrior/Warriorspace/Execution/pj_cli_full_17-08-01_14-30-21-937483/connect" /><property name="requirement" value="Requirement-001" /><property name="requirement" value="Requirement-002" /><property name="requirement" value="ssh-connect-001" /><property name="requirement" value="ssh-disconnect-001" /></properties><testcase classname="connect" errors="0" exceptions="0" failures="0" keywords="0" logsdir="/home/khusain/WAR-210/warriorframework/warrior/Warriorspace/Execution/pj_cli_full_17-08-01_14-30-21-937483/connect/connect_call_connect_ssh_no_subsys" name="connect_call_connect_ssh_no_subsys" passes="0" resultsdir="/home/khusain/WAR-210/warriorframework/warrior/Warriorspace/Execution/pj_cli_full_17-08-01_14-30-21-937483/connect/connect_call_connect_ssh_no_subsys" skipped="0" status="FAIL" testcasefile_path="/home/khusain/WAR-210/warriorframework/warrior_fnc_tests/warrior_tests/testcases/cli_tests/connect_tc/connect_call_connect_ssh_no_subsys.xml" time="4.0" timestamp="2017-08-01 14:30:25" title="connect kw calling connect_ssh, NO subsystem"><properties><property name="resultsdir" value="/home/khusain/WAR-210/warriorframework/warrior/Warriorspace/Execution/pj_cli_full_17-08-01_14-30-21-937483/connect/connect_call_connect_ssh_no_subsys" /><property name="logsdir" value="/home/khusain/WAR-210/warriorframework/warrior/Warriorspace/Execution/pj_cli_full_17-08-01_14-30-21-937483/connect/connect_call_connect_ssh_no_subsys" /></properties><failure message="test failure" /></testcase></testsuite></testsuites>