<testsuites display="False" errors="0" failures="0" name="customProject_independant_testcase_execution" passes="0" skipped="0" suites="0" tests="0" time="0" timestamp="2017-08-01 14:34:49"><properties /><testsuite display="False" errors="0" failures="0" name="customTestsuite_independant_testcase_execution" passes="0" skipped="0" testcasefile_path="/home/khusain/WAR-210/warriorframework/warrior/Warriorspace/Testcases/Demo_Cases/Demo_Warrior_Rest_Automation_Capabilities.xml" tests="0" time="0" timestamp="2017-08-01 14:34:49"><properties><property name="location" value="/home/khusain/WAR-210/warriorframework/warrior/Warriorspace/Testcases/Demo_Cases" /></properties><testcase classname="customTestsuite_independant_testcase_execution" display="False" errors="0" exceptions="0" failures="1" keywords="3" name="Demo_Warrior_Rest_Automation_Capabilities" passes="2" skipped="0" testcasefile_path="/home/khusain/WAR-210/warriorframework/warrior/Warriorspace/Testcases/Demo_Cases/Demo_Warrior_Rest_Automation_Capabilities.xml" time="0" timestamp="2017-08-01 14:34:49" title="Demo_Warrior_Rest_Automation_Capabilities"><properties><property name="resultsdir" value="/home/khusain/WAR-210/warriorframework/warrior/Warriorspace/Execution/Demo_Warrior_Rest_Automation_Capabilities" /><property name="logsdir" value="/home/khusain/WAR-210/warriorframework/warrior/Warriorspace/Execution/Demo_Warrior_Rest_Automation_Capabilities" /><property impact="Impact" name="perform_http_post" onerror="NEXT" resultfile="/home/khusain/WAR-210/warriorframework/warrior/Warriorspace/Execution/Demo_Warrior_Rest_Automation_Capabilities/Results/Keyword_Results/step-1_perform_http_post.xml" status="FAIL" step="1" time="1.0" timestamp="2017-08-01 14:34:53" type="keyword" /><property impact="Impact" name="perform_http_get" onerror="NEXT" resultfile="/home/khusain/WAR-210/warriorframework/warrior/Warriorspace/Execution/Demo_Warrior_Rest_Automation_Capabilities/Results/Keyword_Results/step-2_perform_http_get.xml" status="PASS" step="2" time="3.0" timestamp="2017-08-01 14:34:54" type="keyword" /><property impact="Impact" name="perform_http_put" onerror="NEXT" resultfile="/home/khusain/WAR-210/warriorframework/warrior/Warriorspace/Execution/Demo_Warrior_Rest_Automation_Capabilities/Results/Keyword_Results/step-3_perform_http_put.xml" status="PASS" step="3" time="6.0" timestamp="2017-08-01 14:34:57" type="keyword" /></properties></testcase></testsuite></testsuites>