<testsuites display="False" errors="0" failures="0" name="customProject_independant_testcase_execution" passes="1" skipped="0" status="PASS" suites="1" tests="1" time="8.0" timestamp="2017-08-01 14:48:39"><properties /><testsuite display="False" errors="0" failures="0" name="customTestsuite_independant_testcase_execution" passes="1" skipped="0" status="PASS" testcasefile_path="/home/khusain/WAR-210/warriorframework/warrior/Warriorspace/Testcases/Demo_Cases/Demo_Warrior_Rest_Automation_Capabilities.xml" tests="1" time="8.0" timestamp="2017-08-01 14:48:39"><properties><property name="location" value="/home/khusain/WAR-210/warriorframework/warrior/Warriorspace/Testcases/Demo_Cases" /></properties><testcase classname="customTestsuite_independant_testcase_execution" display="False" errors="0" exceptions="0" failures="0" keywords="7" logsdir="/home/khusain/WAR-210/warriorframework/warrior/Warriorspace/Execution/Demo_Warrior_Rest_Automation_Capabilities_17-08-01_14-48-41-653329" name="Demo_Warrior_Rest_Automation_Capabilities" passes="7" resultsdir="/home/khusain/WAR-210/warriorframework/warrior/Warriorspace/Execution/Demo_Warrior_Rest_Automation_Capabilities_17-08-01_14-48-41-653329" skipped="0" status="PASS" testcasefile_path="/home/khusain/WAR-210/warriorframework/warrior/Warriorspace/Testcases/Demo_Cases/Demo_Warrior_Rest_Automation_Capabilities.xml" time="8.0" timestamp="2017-08-01 14:48:39" title="Demo_Warrior_Rest_Automation_Capabilities"><properties>
[...]
</properties></testcase></testsuite></testsuites>