<testsuites errors="0" failures="1" name="pj_cli_full" passes="0" resultsdir="/home/khusain/WAR-210/warriorframework/warrior/Warriorspace/Execution/pj_cli_full_17-08-01_14-26-42-393399" skipped="0" suites="1" tests="14" time="0" timestamp="2017-08-01 14:26:40"><properties><property name="resultsdir" value="/home/khusain/WAR-210/warriorframework/warrior/Warriorspace/Execution/pj_cli_full_17-08-01_14-26-42-393399" /><property name="location" value="/home/khusain/WAR-210/warriorframework/warrior_fnc_tests/warrior_tests/projects/pj_cli_full.xml" /></properties><property name="location" value="/home/khusain/WAR-210/warriorframework/warrior_fnc_tests/warrior_tests/projects/pj_cli_full.xml" /><testsuite errors="0" failures="11" impact="Impact" name="connect" onerror="Next" passes="0" resultsdir="/home/khusain/WAR-210/warriorframework/warrior/Warriorspace/Execution/pj_cli_full_17-08-01_14-26-42-393399/connect" skipped="0" status="FAIL" suite_location="/home/khusain/WAR-210/warriorframework/warrior_fnc_tests/warrior_tests/suites/cli_tests/connect.xml" tests="11" time="49.0" timestamp="2017-08-01T14:26:42"><properties><property name="location" value="/home/khusain/WAR-210/warriorframework/warrior_fnc_tests/warrior_tests/suites/cli_tests" /><property name="resultsdir" value="/home/khusain/WAR-210/warriorframework/warrior/Warriorspace/Execution/pj_cli_full_17-08-01_14-26-42-393399/connect" /><property name="requirement" value="Requirement-001" /><property name="requirement" value="Requirement-002" /><property name="requirement" value="ssh-connect-001" /><property name="requirement" value="ssh-disconnect-001" /><property name="requirement" value="ssh-connect-001" /><property name="requirement" value="ssh-disconnect-001" /><property name="requirement" value="ssh-connect-001" /><property name="requirement" value="ssh-disconnect-001" /><property name="requirement" value="telnet-connect-001" /><property name="requirement" value="telnet-disconnect-001" /><property name="requirement" value="telnet-connect-001" /><property name="requirement" value="telnet-disconnect-001" /><property name="requirement" value="telnet-connect-001" /><property name="requirement" value="telnet-disconnect-001" /><property name="requirement" value="ssh-connect-001" /><property name="requirement" value="ssh-disconnect-001" /><property name="requirement" value="ssh-connect-001" /><property name="requirement" value="ssh-disconnect-001" /></properties><testcase classname="connect" errors="0" exceptions="0" failures="0" impact="Impact" keywords="0" logsdir="/home/khusain/WAR-210/warriorframework/warrior/Warriorspace/Execution/pj_cli_full_17-08-01_14-26-42-393399/connect/connect_call_connect_ssh_no_subsys" name="connect_call_connect_ssh_no_subsys" onerror="Next" passes="0" resultsdir="/home/khusain/WAR-210/warriorframework/warrior/Warriorspace/Execution/pj_cli_full_17-08-01_14-26-42-393399/connect/connect_call_connect_ssh_no_subsys" skipped="0" status="FAIL" testcasefile_path="/home/khusain/WAR-210/warriorframework/warrior_fnc_tests/warrior_tests/testcases/cli_tests/connect_tc/connect_call_connect_ssh_no_subsys.xml" time="4.0" timestamp="2017-08-01 14:26:45" title="connect kw calling connect_ssh, NO subsystem"><properties><property name="resultsdir" value="/home/khusain/WAR-210/warriorframework/warrior/Warriorspace/Execution/pj_cli_full_17-08-01_14-26-42-393399/connect/connect_call_connect_ssh_no_subsys" /><property name="logsdir" value="/home/khusain/WAR-210/warriorframework/warrior/Warriorspace/Execution/pj_cli_full_17-08-01_14-26-42-393399/connect/connect_call_connect_ssh_no_subsys" /></properties><failure message="test failure" /></testcase><testcase classname="connect" errors="0" exceptions="0" failures="0" impact="Impact" keywords="0" logsdir="/home/khusain/WAR-210/warriorframework/warrior/Warriorspace/Execution/pj_cli_full_17-08-01_14-26-42-393399/connect/connect_call_connect_ssh_one_subsys" name="connect_call_connect_ssh_one_subsys" onerror="Next" passes="0" resultsdir="/home/khusain/WAR-210/warriorframework/warrior/Warriorspace/Execution/pj_cli_full_17-08-01_14-26-42-393399/connect/connect_call_connect_ssh_one_subsys" skipped="0" status="FAIL" testcasefile_path="/home/khusain/WAR-210/warriorframework/warrior_fnc_tests/warrior_tests/testcases/cli_tests/connect_tc/connect_call_connect_ssh_one_subsys.xml" time="4.0" timestamp="2017-08-01 14:26:49" title="connect kw calling connect_ssh, single subsys"><properties><property name="resultsdir" value="/home/khusain/WAR-210/warriorframework/warrior/Warriorspace/Execution/pj_cli_full_17-08-01_14-26-42-393399/connect/connect_call_connect_ssh_one_subsys" /><property name="logsdir" value="/home/khusain/WAR-210/warriorframework/warrior/Warriorspace/Execution/pj_cli_full_17-08-01_14-26-42-393399/connect/connect_call_connect_ssh_one_subsys" /></properties><failure message="test failure" /></testcase><testcase classname="connect" errors="0" exceptions="0" failures="0" impact="Impact" keywords="0" logsdir="/home/khusain/WAR-210/warriorframework/warrior/Warriorspace/Execution/pj_cli_full_17-08-01_14-26-42-393399/connect/connect_call_connect_ssh_multi_subsys" name="connect_call_connect_ssh_multi_subsys" onerror="Next" passes="0" resultsdir="/home/khusain/WAR-210/warriorframework/warrior/Warriorspace/Execution/pj_cli_full_17-08-01_14-26-42-393399/connect/connect_call_connect_ssh_multi_subsys" skipped="0" status="FAIL" testcasefile_path="/home/khusain/WAR-210/warriorframework/warrior_fnc_tests/warrior_tests/testcases/cli_tests/connect_tc/connect_call_connect_ssh_multi_subsys.xml" time="5.0" timestamp="2017-08-01 14:26:53" title="connect kw calling connect_ssh, multi subsystem"><properties><property name="resultsdir" value="/home/khusain/WAR-210/warriorframework/warrior/Warriorspace/Execution/pj_cli_full_17-08-01_14-26-42-393399/connect/connect_call_connect_ssh_multi_subsys" /><property name="logsdir" value="/home/khusain/WAR-210/warriorframework/warrior/Warriorspace/Execution/pj_cli_full_17-08-01_14-26-42-393399/connect/connect_call_connect_ssh_multi_subsys" /></properties><failure message="test failure" /></testcase><testcase classname="connect" errors="0" exceptions="0" failures="0" impact="Impact" keywords="0" logsdir="/home/khusain/WAR-210/warriorframework/warrior/Warriorspace/Execution/pj_cli_full_17-08-01_14-26-42-393399/connect/connect_call_connect_telnet_no_subsys" name="connect_call_connect_telnet_no_subsys" onerror="Next" passes="0" resultsdir="/home/khusain/WAR-210/warriorframework/warrior/Warriorspace/Execution/pj_cli_full_17-08-01_14-26-42-393399/connect/connect_call_connect_telnet_no_subsys" skipped="0" status="FAIL" testcasefile_path="/home/khusain/WAR-210/warriorframework/warrior_fnc_tests/warrior_tests/testcases/cli_tests/connect_tc/connect_call_connect_telnet_no_subsys.xml" time="4.0" timestamp="2017-08-01 14:26:58" title="connect kw calling connect_telnet, NO subsystem"><properties><property name="resultsdir" value="/home/khusain/WAR-210/warriorframework/warrior/Warriorspace/Execution/pj_cli_full_17-08-01_14-26-42-393399/connect/connect_call_connect_telnet_no_subsys" /><property name="logsdir" value="/home/khusain/WAR-210/warriorframework/warrior/Warriorspace/Execution/pj_cli_full_17-08-01_14-26-42-393399/connect/connect_call_connect_telnet_no_subsys" /></properties><failure message="test failure" /></testcase><testcase classname="connect" errors="0" exceptions="0" failures="0" impact="Impact" keywords="0" logsdir="/home/khusain/WAR-210/warriorframework/warrior/Warriorspace/Execution/pj_cli_full_17-08-01_14-26-42-393399/connect/connect_call_connect_telnet_one_subsys" name="connect_call_connect_telnet_one_subsys" onerror="Next" passes="0" resultsdir="/home/khusain/WAR-210/warriorframework/warrior/Warriorspace/Execution/pj_cli_full_17-08-01_14-26-42-393399/connect/connect_call_connect_telnet_one_subsys" skipped="0" status="FAIL" testcasefile_path="/home/khusain/WAR-210/warriorframework/warrior_fnc_tests/warrior_tests/testcases/cli_tests/connect_tc/connect_call_connect_telnet_one_subsys.xml" time="4.0" timestamp="2017-08-01 14:27:02" title="connect kw calling connect_telnet, single subsystem"><properties><property name="resultsdir" value="/home/khusain/WAR-210/warriorframework/warrior/Warriorspace/Execution/pj_cli_full_17-08-01_14-26-42-393399/connect/connect_call_connect_telnet_one_subsys" /><property name="logsdir" value="/home/khusain/WAR-210/warriorframework/warrior/Warriorspace/Execution/pj_cli_full_17-08-01_14-26-42-393399/connect/connect_call_connect_telnet_one_subsys" /></properties><failure message="test failure" /></testcase><testcase classname="connect" errors="0" exceptions="0" failures="0" impact="Impact" keywords="0" logsdir="/home/khusain/WAR-210/warriorframework/warrior/Warriorspace/Execution/pj_cli_full_17-08-01_14-26-42-393399/connect/connect_call_connect_telnet_multi_subsys" name="connect_call_connect_telnet_multi_subsys" onerror="Next" passes="0" resultsdir="/home/khusain/WAR-210/warriorframework/warrior/Warriorspace/Execution/pj_cli_full_17-08-01_14-26-42-393399/connect/connect_call_connect_telnet_multi_subsys" skipped="0" status="FAIL" testcasefile_path="/home/khusain/WAR-210/warriorframework/warrior_fnc_tests/warrior_tests/testcases/cli_tests/connect_tc/connect_call_connect_telnet_multi_subsys.xml" time="4.0" timestamp="2017-08-01 14:27:06" title="connect kw calling connect_telnet, multi subsystems"><properties><property name="resultsdir" value="/home/khusain/WAR-210/warriorframework/warrior/Warriorspace/Execution/pj_cli_full_17-08-01_14-26-42-393399/connect/connect_call_connect_telnet_multi_subsys" /><property name="logsdir" value="/home/khusain/WAR-210/warriorframework/warrior/Warriorspace/Execution/pj_cli_full_17-08-01_14-26-42-393399/connect/connect_call_connect_telnet_multi_subsys" /></properties><failure message="test failure" /></testcase><testcase classname="connect" errors="0" exceptions="0" failures="0" impact="No Impact" keywords="0" logsdir="/home/khusain/WAR-210/warriorframework/warrior/Warriorspace/Execution/pj_cli_full_17-08-01_14-26-42-393399/connect/connect_call_connect_telnet_custom_keystroke" name="connect_call_connect_telnet_custom_keystroke" onerror="Next" passes="0" resultsdir="/home/khusain/WAR-210/warriorframework/warrior/Warriorspace/Execution/pj_cli_full_17-08-01_14-26-42-393399/connect/connect_call_connect_telnet_custom_keystroke" skipped="0" status="FAIL" testcasefile_path="/home/khusain/WAR-210/warriorframework/warrior_fnc_tests/warrior_tests/testcases/cli_tests/connect_tc/connect_call_connect_telnet_custom_keystroke.xml" time="4.0" timestamp="2017-08-01 14:27:10" title="Testcase to send custom keystroke when initial connect timeout occur"><properties><property name="resultsdir" value="/home/khusain/WAR-210/warriorframework/warrior/Warriorspace/Execution/pj_cli_full_17-08-01_14-26-42-393399/connect/connect_call_connect_telnet_custom_keystroke" /><property name="logsdir" value="/home/khusain/WAR-210/warriorframework/warrior/Warriorspace/Execution/pj_cli_full_17-08-01_14-26-42-393399/connect/connect_call_connect_telnet_custom_keystroke" /></properties><failure message="test failure" /></testcase><testcase classname="connect" errors="0" exceptions="0" failures="0" impact="Impact" keywords="0" logsdir="/home/khusain/WAR-210/warriorframework/warrior/Warriorspace/Execution/pj_cli_full_17-08-01_14-26-42-393399/connect/tc_cli_conn_option" name="tc_cli_conn_option" onerror="Next" passes="0" resultsdir="/home/khusain/WAR-210/warriorframework/warrior/Warriorspace/Execution/pj_cli_full_17-08-01_14-26-42-393399/connect/tc_cli_conn_option" skipped="0" status="FAIL" testcasefile_path="/home/khusain/WAR-210/warriorframework/warrior_fnc_tests/warrior_tests/testcases/cli_tests/connect_tc/tc_cli_conn_option.xml" time="5.0" timestamp="2017-08-01 14:27:14" title="Test if method can correctly add and get environment variable, replace the key with value"><properties><property name="resultsdir" value="/home/khusain/WAR-210/warriorframework/warrior/Warriorspace/Execution/pj_cli_full_17-08-01_14-26-42-393399/connect/tc_cli_conn_option" /><property name="logsdir" value="/home/khusain/WAR-210/warriorframework/warrior/Warriorspace/Execution/pj_cli_full_17-08-01_14-26-42-393399/connect/tc_cli_conn_option" /></properties><failure message="test failure" /></testcase><testcase classname="connect" errors="0" exceptions="0" failures="0" impact="Impact" keywords="0" logsdir="/home/khusain/WAR-210/warriorframework/warrior/Warriorspace/Execution/pj_cli_full_17-08-01_14-26-42-393399/connect/tc_connect_disconnect_all" name="tc_connect_disconnect_all" onerror="Next" passes="0" resultsdir="/home/khusain/WAR-210/warriorframework/warrior/Warriorspace/Execution/pj_cli_full_17-08-01_14-26-42-393399/connect/tc_connect_disconnect_all" skipped="0" status="FAIL" testcasefile_path="/home/khusain/WAR-210/warriorframework/warrior_fnc_tests/warrior_tests/testcases/cli_tests/connect_tc/tc_connect_disconnect_all.xml" time="4.0" timestamp="2017-08-01 14:27:19" title="connect and disconnect all systems and subsystems in the data file"><properties><property name="resultsdir" value="/home/khusain/WAR-210/warriorframework/warrior/Warriorspace/Execution/pj_cli_full_17-08-01_14-26-42-393399/connect/tc_connect_disconnect_all" /><property name="logsdir" value="/home/khusain/WAR-210/warriorframework/warrior/Warriorspace/Execution/pj_cli_full_17-08-01_14-26-42-393399/connect/tc_connect_disconnect_all" /></properties><failure message="test failure" /></testcase><testcase classname="connect" errors="0" exceptions="0" failures="0" impact="Impact" keywords="0" logsdir="/home/khusain/WAR-210/warriorframework/warrior/Warriorspace/Execution/pj_cli_full_17-08-01_14-26-42-393399/connect/connect_encrypt_pwd" name="connect_encrypt_pwd" onerror="Next" passes="0" resultsdir="/home/khusain/WAR-210/warriorframework/warrior/Warriorspace/Execution/pj_cli_full_17-08-01_14-26-42-393399/connect/connect_encrypt_pwd" skipped="0" status="FAIL" testcasefile_path="/home/khusain/WAR-210/warriorframework/warrior_fnc_tests/warrior_tests/testcases/cli_tests/connect_tc/connect_encrypt_pwd.xml" time="4.0" timestamp="2017-08-01 14:27:23" title="connect kw calling connect_ssh with encrypted password"><properties><property name="resultsdir" value="/home/khusain/WAR-210/warriorframework/warrior/Warriorspace/Execution/pj_cli_full_17-08-01_14-26-42-393399/connect/connect_encrypt_pwd" /><property name="logsdir" value="/home/khusain/WAR-210/warriorframework/warrior/Warriorspace/Execution/pj_cli_full_17-08-01_14-26-42-393399/connect/connect_encrypt_pwd" /></properties><failure message="test failure" /></testcase><testcase classname="connect" errors="0" exceptions="0" failures="0" impact="No Impact" keywords="0" logsdir="/home/khusain/WAR-210/warriorframework/warrior/Warriorspace/Execution/pj_cli_full_17-08-01_14-26-42-393399/connect/connect_abort_as_error" name="connect_abort_as_error" onerror="Next" passes="0" resultsdir="/home/khusain/WAR-210/warriorframework/warrior/Warriorspace/Execution/pj_cli_full_17-08-01_14-26-42-393399/connect/connect_abort_as_error" skipped="0" status="FAIL" testcasefile_path="/home/khusain/WAR-210/warriorframework/warrior_fnc_tests/warrior_tests/testcases/cli_tests/connect_tc/connect_abort_as_error.xml" time="4.0" timestamp="2017-08-01 14:27:27" title="onError abort as failure"><properties><property name="resultsdir" value="/home/khusain/WAR-210/warriorframework/warrior/Warriorspace/Execution/pj_cli_full_17-08-01_14-26-42-393399/connect/connect_abort_as_error" /><property name="logsdir" value="/home/khusain/WAR-210/warriorframework/warrior/Warriorspace/Execution/pj_cli_full_17-08-01_14-26-42-393399/connect/connect_abort_as_error" /></properties><failure message="test failure" /></testcase></testsuite><testsuite errors="0" failures="3" name="cli_def_attr" passes="0" resultsdir="/home/khusain/WAR-210/warriorframework/warrior/Warriorspace/Execution/pj_cli_full_17-08-01_14-26-42-393399/cli_def_attr" skipped="0" suite_location="/home/khusain/WAR-210/warriorframework/warrior_fnc_tests/warrior_tests/suites/cli_tests/cli_def_attr.xml" tests="3" time="0" timestamp="2017-08-01T14:27:31"><properties><property name="location" value="/home/khusain/WAR-210/warriorframework/warrior_fnc_tests/warrior_tests/suites/cli_tests" /><property name="resultsdir" value="/home/khusain/WAR-210/warriorframework/warrior/Warriorspace/Execution/pj_cli_full_17-08-01_14-26-42-393399/cli_def_attr" /><property name="requirement" value="Requirement-001" /><property name="requirement" value="Requirement-002" /><property name="requirement" value="ssh-connect-001" /><property name="requirement" value="ssh-disconnect-001" /><property name="requirement" value="ssh-connect-001" /><property name="requirement" value="ssh-disconnect-001" /><property name="requirement" value="ssh-connect-001" /><property name="requirement" value="ssh-disconnect-001" /></properties><testcase classname="cli_def_attr" errors="0" exceptions="0" failures="0" impact="Impact" keywords="0" logsdir="/home/khusain/WAR-210/warriorframework/warrior/Warriorspace/Execution/pj_cli_full_17-08-01_14-26-42-393399/cli_def_attr/tc_def_title_no_subsys" name="tc_def_title_no_subsys" onerror="Next" passes="0" resultsdir="/home/khusain/WAR-210/warriorframework/warrior/Warriorspace/Execution/pj_cli_full_17-08-01_14-26-42-393399/cli_def_attr/tc_def_title_no_subsys" skipped="0" status="FAIL" testcasefile_path="/home/khusain/WAR-210/warriorframework/warrior_fnc_tests/warrior_tests/testcases/cli_tests/def_attr_tc/tc_def_title_no_subsys.xml" time="4.0" timestamp="2017-08-01 14:27:34" title="cli cmd attr. default"><properties><property name="resultsdir" value="/home/khusain/WAR-210/warriorframework/warrior/Warriorspace/Execution/pj_cli_full_17-08-01_14-26-42-393399/cli_def_attr/tc_def_title_no_subsys" /><property name="logsdir" value="/home/khusain/WAR-210/warriorframework/warrior/Warriorspace/Execution/pj_cli_full_17-08-01_14-26-42-393399/cli_def_attr/tc_def_title_no_subsys" /></properties><failure message="test failure" /></testcase><testcase classname="cli_def_attr" errors="0" exceptions="0" failures="0" impact="Impact" keywords="0" logsdir="/home/khusain/WAR-210/warriorframework/warrior/Warriorspace/Execution/pj_cli_full_17-08-01_14-26-42-393399/cli_def_attr/tc_def_title_one_subsys" name="tc_def_title_one_subsys" onerror="Next" passes="0" resultsdir="/home/khusain/WAR-210/warriorframework/warrior/Warriorspace/Execution/pj_cli_full_17-08-01_14-26-42-393399/cli_def_attr/tc_def_title_one_subsys" skipped="0" status="FAIL" testcasefile_path="/home/khusain/WAR-210/warriorframework/warrior_fnc_tests/warrior_tests/testcases/cli_tests/def_attr_tc/tc_def_title_one_subsys.xml" time="5.0" timestamp="2017-08-01 14:27:38" title="cli cmd attr. default"><properties><property name="resultsdir" value="/home/khusain/WAR-210/warriorframework/warrior/Warriorspace/Execution/pj_cli_full_17-08-01_14-26-42-393399/cli_def_attr/tc_def_title_one_subsys" /><property name="logsdir" value="/home/khusain/WAR-210/warriorframework/warrior/Warriorspace/Execution/pj_cli_full_17-08-01_14-26-42-393399/cli_def_attr/tc_def_title_one_subsys" /></properties><failure message="test failure" /></testcase><testcase classname="cli_def_attr" errors="0" exceptions="0" failures="0" keywords="0" logsdir="/home/khusain/WAR-210/warriorframework/warrior/Warriorspace/Execution/pj_cli_full_17-08-01_14-26-42-393399/cli_def_attr/tc_def_title_multi_subsys" name="tc_def_title_multi_subsys" passes="0" resultsdir="/home/khusain/WAR-210/warriorframework/warrior/Warriorspace/Execution/pj_cli_full_17-08-01_14-26-42-393399/cli_def_attr/tc_def_title_multi_subsys" skipped="0" status="FAIL" testcasefile_path="/home/khusain/WAR-210/warriorframework/warrior_fnc_tests/warrior_tests/testcases/cli_tests/def_attr_tc/tc_def_title_multi_subsys.xml" time="4.0" timestamp="2017-08-01 14:27:43" title="cli cmd attr. default"><properties><property name="resultsdir" value="/home/khusain/WAR-210/warriorframework/warrior/Warriorspace/Execution/pj_cli_full_17-08-01_14-26-42-393399/cli_def_attr/tc_def_title_multi_subsys" /><property name="logsdir" value="/home/khusain/WAR-210/warriorframework/warrior/Warriorspace/Execution/pj_cli_full_17-08-01_14-26-42-393399/cli_def_attr/tc_def_title_multi_subsys" /></properties><failure message="test failure" /></testcase></testsuite></testsuites>